{"logLevel":"debug","message":"multithreading is set to false"}
{"logLevel":"debug","message":"Using reflection to scan dependencies for gauge implementations..."}
SLF4J: Failed to load class "org.slf4j.impl.StaticLoggerBinder".
SLF4J: Defaulting to no-operation (NOP) logger implementation
SLF4J: See http://www.slf4j.org/codes.html#StaticLoggerBinder for further details.
{"logLevel":"debug","message":"gauge-java took 1038milliseconds to load and scan. This should be less than 'runner_connection_timeout' config value."}
{"logLevel":"debug","message":"run 'gauge config runner_connection_timeout' and verify that it is < 1038"}
{"logLevel":"debug","message":"starting gRPC server..."}
{"logLevel":"debug","message":"started gRPC server on port 61854"}
{"logLevel":"info","message":"Listening on port:61854"}
{"logLevel":"debug","message":"Scanning packages for steps"}
{"logLevel":"debug","message":"Comparing 'Tests.HomeTest.setPassword' and 'Tests.HomeTest.setPassword'"}
{"logLevel":"debug","message":"Found Şifre alanına {} yazılır. in current project scope."}
{"logLevel":"debug","message":"Comparing 'Tests.HomeTest.clickLogin' and 'Tests.HomeTest.clickLogin'"}
{"logLevel":"debug","message":"Found Giriş Yap butonuna tıklanır. in current project scope."}
{"logLevel":"debug","message":"Comparing 'Tests.HomeTest.setEmail' and 'Tests.HomeTest.setEmail'"}
{"logLevel":"debug","message":"Found Email alanına {} yazılır. in current project scope."}
{"logLevel":"debug","message":"Comparing 'org.example.StepImplementation.ensureInstallationInstructionsAreAvailable' and 'org.example.StepImplementation.ensureInstallationInstructionsAreAvailable'"}
{"logLevel":"debug","message":"Found Ensure installation instructions are available in current project scope."}
{"logLevel":"debug","message":"Comparing 'Tests.HomeTest.clickSıgnIn' and 'Tests.HomeTest.clickSıgnIn'"}
{"logLevel":"debug","message":"Found SignIn butonuna tıklanır in current project scope."}
{"logLevel":"debug","message":"Comparing 'org.example.StepImplementation.gotoGetStartedPage' and 'org.example.StepImplementation.gotoGetStartedPage'"}
{"logLevel":"debug","message":"Found Go to Gauge Get Started Page in current project scope."}
{"logLevel":"debug","message":"Comparing 'org.example.StepImplementation.implementation1' and 'org.example.StepImplementation.implementation1'"}
{"logLevel":"debug","message":"Found Open the Gauge homepage in current project scope."}
{"logLevel":"debug","message":"Scanning packages for hooks"}
{"logLevel":"debug","message":"Scanned steps (using static parsing + reflections): "}
{"logLevel":"debug","message":"\tOpen the Gauge homepage : public void implementation1()"}
{"logLevel":"debug","message":"\tGo to Gauge Get Started Page : public void gotoGetStartedPage() throws InterruptedException"}
{"logLevel":"debug","message":"\tGiriş Yap butonuna tıklanır. : public void clickLogin()"}
{"logLevel":"debug","message":"\tŞifre alanına {} yazılır. : public void setPassword(String key)"}
{"logLevel":"debug","message":"\tEmail alanına {} yazılır. : public void setEmail(String key)"}
{"logLevel":"debug","message":"\tSignIn butonuna tıklanır : public void clickSıgnIn()"}
{"logLevel":"debug","message":"\tEnsure installation instructions are available : public void ensureInstallationInstructionsAreAvailable() throws InterruptedException"}
Starting ChromeDriver 89.0.4389.23 (61b08ee2c50024bab004e48d2b1b083cdbdac579-refs/branch-heads/4389@{#294}) on port 23143
Only local connections are allowed.
Please see https://chromedriver.chromium.org/security-considerations for suggestions on keeping ChromeDriver safe.
ChromeDriver was started successfully.
